Line 43: Class ChamaleonButton.ChameleonBtn of control xopciones was not a loaded control class.
Line 82: Class ChamaleonButton.ChameleonBtn of control xopciones was not a loaded control class.
Line 121: Class ChamaleonButton.ChameleonBtn of control xopciones was not a loaded control class.
Line 160: Class ChamaleonButton.ChameleonBtn of control xopciones was not a loaded control class.
Line 199: Class CasVISIORION.EC_Button of control EC_Button1 was not a loaded control class.
Line 227: Class CasVISIORION.EC_Button of control EC_Button2 was not a loaded control class.
Line 255: Class ChamaleonButton.ChameleonBtn of control xopciones was not a loaded control class.
Line 294: Class ChamaleonButton.ChameleonBtn of control xopciones was not a loaded control class.
Line 589: Class MSDataGridLib.DataGrid of control dbgrid6 was not a loaded control class.
Line 655: Class MSDataGridLib.DataGrid of control dbGrid1 was not a loaded control class.
Line 720: Class ChamaleonButton.ChameleonBtn of control Label26 was not a loaded control class.
Line 758: Class ChamaleonButton.ChameleonBtn of control Label31 was not a loaded control class.
Line 796: Class ChamaleonButton.ChameleonBtn of control Label19 was not a loaded control class.
Line 834: Class ChamaleonButton.ChameleonBtn of control Command1 was not a loaded control class.
Line 1092: Class MSComCtl2.MonthView of control MonthView1 was not a loaded control class.
Line 1383: Class GorditoButton.Boton of control cmdgrabar was not a loaded control class.
Line 1407: Class GorditoButton.Boton of control cmdCancelar was not a loaded control class.
Line 1925: Class GorditoButton.Boton of control znumbert was not a loaded control class.
Line 1949: Class GorditoButton.Boton of control znumbert was not a loaded control class.
Line 1973: Class GorditoButton.Boton of control znumbert was not a loaded control class.
Line 1997: Class GorditoButton.Boton of control znumbert was not a loaded control class.
Line 2021: Class GorditoButton.Boton of control znumbert was not a loaded control class.
Line 2045: Class GorditoButton.Boton of control znumbert was not a loaded control class.
Line 2069: Class GorditoButton.Boton of control znumbert was not a loaded control class.
Line 2093: Class GorditoButton.Boton of control znumbert was not a loaded control class.
Line 2117: Class GorditoButton.Boton of control znumbert was not a loaded control class.
Line 2141: Class GorditoButton.Boton of control znumbert was not a loaded control class.
Line 2165: Class GorditoButton.Boton of control znumbert was not a loaded control class.
Line 2189: Class GorditoButton.Boton of control znumbert was not a loaded control class.
Line 2457: Class ChamaleonButton.ChameleonBtn of control ChameleonBtn1 was not a loaded control class.
Line 2522: Class MSDataGridLib.DataGrid of control dbgrid7 was not a loaded control class.
Line 2588: Class ChamaleonButton.ChameleonBtn of control Command8 was not a loaded control class.
Line 2626: Class MSDBGrid.DBGrid of control DBGrid4 was not a loaded control class.
Line 2722: Class MSDBGrid.DBGrid of control DBGrid9 was not a loaded control class.
Line 2731: Class MSDataGridLib.DataGrid of control dbgrid10 was not a loaded control class.
Line 3215: Class MSDataGridLib.DataGrid of control table6 was not a loaded control class.
Line 3494: Class MSDataGridLib.DataGrid of control table2 was not a loaded control class.
Line 3562: Class ChamaleonButton.ChameleonBtn of control xopciones was not a loaded control class.
Line 3601: Class GorditoButton.Boton of control BotX was not a loaded control class.
Line 3626: Class ChamaleonButton.ChameleonBtn of control ChaEstado was not a loaded control class.
Line 3753: Class MSDBGrid.DBGrid of control DBGrid2 was not a loaded control class.
Line 3912: Class MSCommLib.MSComm of control MSComm1 was not a loaded control class.
Line 3924: Class GorditoButton.Boton of control znumber was not a loaded control class.
Line 3948: Class GorditoButton.Boton of control znumber was not a loaded control class.
Line 3972: Class GorditoButton.Boton of control znumber was not a loaded control class.
Line 3996: Class GorditoButton.Boton of control znumber was not a loaded control class.
Line 4020: Class GorditoButton.Boton of control znumber was not a loaded control class.
Line 4044: Class GorditoButton.Boton of control znumber was not a loaded control class.
Line 4068: Class GorditoButton.Boton of control znumber was not a loaded control class.
Line 4092: Class GorditoButton.Boton of control znumber was not a loaded control class.
Line 4116: Class GorditoButton.Boton of control znumber was not a loaded control class.
Line 4140: Class GorditoButton.Boton of control znumber was not a loaded control class.
Line 4164: Class GorditoButton.Boton of control znumber was not a loaded control class.
Line 4188: Class GorditoButton.Boton of control znumber was not a loaded control class.
Line 4214: Class GorditoButton.Boton of control znumber was not a loaded control class.
Line 4239: Class GorditoButton.Boton of control cmdCobrar was not a loaded control class.
Line 4263: Class ChamaleonButton.ChameleonBtn of control zFamilias was not a loaded control class.
Line 4302: Class ChamaleonButton.ChameleonBtn of control zFamilias was not a loaded control class.
Line 4341: Class ChamaleonButton.ChameleonBtn of control zFamilias was not a loaded control class.
Line 4380: Class ChamaleonButton.ChameleonBtn of control zFamilias was not a loaded control class.
Line 4419: Class ChamaleonButton.ChameleonBtn of control zFamilias was not a loaded control class.
Line 4458: Class ChamaleonButton.ChameleonBtn of control zFamilias was not a loaded control class.
Line 4497: Class ChamaleonButton.ChameleonBtn of control zFamilias was not a loaded control class.
Line 4536: Class ChamaleonButton.ChameleonBtn of control zFamilias was not a loaded control class.
Line 4575: Class ChamaleonButton.ChameleonBtn of control zFamilias was not a loaded control class.
Line 4614: Class ChamaleonButton.ChameleonBtn of control zFamilias was not a loaded control class.
Line 4653: Class ChamaleonButton.ChameleonBtn of control zFamilias was not a loaded control class.
Line 4692: Class ChamaleonButton.ChameleonBtn of control zFamilias was not a loaded control class.
Line 4731: Class ChamaleonButton.ChameleonBtn of control zFamilias was not a loaded control class.
Line 4770: Class ChamaleonButton.ChameleonBtn of control zFamilias was not a loaded control class.
Line 4809: Class ChamaleonButton.ChameleonBtn of control zFamilias was not a loaded control class.
Line 4848: Class ChamaleonButton.ChameleonBtn of control zFamilias was not a loaded control class.
Line 4887: Class ChamaleonButton.ChameleonBtn of control zproductos was not a loaded control class.
Line 4926: Class ChamaleonButton.ChameleonBtn of control zproductos was not a loaded control class.
Line 4965: Class ChamaleonButton.ChameleonBtn of control zproductos was not a loaded control class.
Line 5004: Class ChamaleonButton.ChameleonBtn of control zproductos was not a loaded control class.
Line 5043: Class ChamaleonButton.ChameleonBtn of control zproductos was not a loaded control class.
Line 5082: Class ChamaleonButton.ChameleonBtn of control zproductos was not a loaded control class.
Line 5121: Class ChamaleonButton.ChameleonBtn of control zproductos was not a loaded control class.
Line 5160: Class ChamaleonButton.ChameleonBtn of control zproductos was not a loaded control class.
Line 5199: Class ChamaleonButton.ChameleonBtn of control zproductos was not a loaded control class.
Line 5238: Class ChamaleonButton.ChameleonBtn of control zproductos was not a loaded control class.
Line 5277: Class ChamaleonButton.ChameleonBtn of control zproductos was not a loaded control class.
Line 5316: Class ChamaleonButton.ChameleonBtn of control zproductos was not a loaded control class.
Line 5355: Class ChamaleonButton.ChameleonBtn of control zproductos was not a loaded control class.
Line 5394: Class ChamaleonButton.ChameleonBtn of control zproductos was not a loaded control class.
Line 5433: Class ChamaleonButton.ChameleonBtn of control zproductos was not a loaded control class.
Line 5472: Class ChamaleonButton.ChameleonBtn of control zproductos was not a loaded control class.
Line 5511: Class ChamaleonButton.ChameleonBtn of control zproductos was not a loaded control class.
Line 5550: Class ChamaleonButton.ChameleonBtn of control zproductos was not a loaded control class.
Line 5589: Class ChamaleonButton.ChameleonBtn of control zproductos was not a loaded control class.
Line 5628: Class ChamaleonButton.ChameleonBtn of control zproductos was not a loaded control class.
Line 5667: Class ChamaleonButton.ChameleonBtn of control zproductos was not a loaded control class.
Line 5706: Class ChamaleonButton.ChameleonBtn of control zproductos was not a loaded control class.
Line 5745: Class ChamaleonButton.ChameleonBtn of control zproductos was not a loaded control class.
Line 5784: Class ChamaleonButton.ChameleonBtn of control zproductos was not a loaded control class.
Line 5823: Class ChamaleonButton.ChameleonBtn of control zproductos was not a loaded control class.
Line 5862: Class ChamaleonButton.ChameleonBtn of control zproductos was not a loaded control class.
Line 5901: Class ChamaleonButton.ChameleonBtn of control zproductos was not a loaded control class.
Line 5940: Class ChamaleonButton.ChameleonBtn of control zproductos was not a loaded control class.
Line 5979: Class GorditoButton.Boton of control znumber was not a loaded control class.
Line 6003: Class ChamaleonButton.ChameleonBtn of control xopciones was not a loaded control class.
Line 6042: Class ChamaleonButton.ChameleonBtn of control xopciones was not a loaded control class.
Line 6081: Class ChamaleonButton.ChameleonBtn of control xopciones was not a loaded control class.
Line 6120: Class ChamaleonButton.ChameleonBtn of control xopciones was not a loaded control class.
Line 6160: Class ChamaleonButton.ChameleonBtn of control xopciones was not a loaded control class.
Line 6199: Class ChamaleonButton.ChameleonBtn of control xopciones was not a loaded control class.
Line 6238: Class ChamaleonButton.ChameleonBtn of control xopciones was not a loaded control class.
Line 6277: Class ChamaleonButton.ChameleonBtn of control xopciones was not a loaded control class.
Line 6316: Class ChamaleonButton.ChameleonBtn of control xopciones was not a loaded control class.
Line 6355: Class ChamaleonButton.ChameleonBtn of control xopciones was not a loaded control class.
Line 6394: Class ChamaleonButton.ChameleonBtn of control xopciones was not a loaded control class.
Line 6433: Class ChamaleonButton.ChameleonBtn of control xopciones was not a loaded control class.
Line 6472: Class ChamaleonButton.ChameleonBtn of control xopciones was not a loaded control class.
Line 6511: Class ChamaleonButton.ChameleonBtn of control xopciones was not a loaded control class.
Line 6550: Class ChamaleonButton.ChameleonBtn of control xopciones was not a loaded control class.
Line 6589: Class ChamaleonButton.ChameleonBtn of control xopciones was not a loaded control class.
Line 6628: Class ChamaleonButton.ChameleonBtn of control xopciones was not a loaded control class.
Line 6667: Class ChamaleonButton.ChameleonBtn of control xopciones was not a loaded control class.
Line 6706: Class ChamaleonButton.ChameleonBtn of control xopciones was not a loaded control class.
Line 6745: Class ChamaleonButton.ChameleonBtn of control xopciones was not a loaded control class.
Line 6784: Class ChamaleonButton.ChameleonBtn of control xopciones was not a loaded control class.
Line 6823: Class ChamaleonButton.ChameleonBtn of control xopciones was not a loaded control class.
Line 6862: Class ChamaleonButton.ChameleonBtn of control xopciones was not a loaded control class.
Line 6901: Class ChamaleonButton.ChameleonBtn of control xopciones was not a loaded control class.
Line 6940: Class ChamaleonButton.ChameleonBtn of control xopciones was not a loaded control class.
Line 6979: Class ChamaleonButton.ChameleonBtn of control xopciones was not a loaded control class.
Line 7018: Class ChamaleonButton.ChameleonBtn of control image5 was not a loaded control class.
Line 7056: Class ChamaleonButton.ChameleonBtn of control image6 was not a loaded control class.
Line 7094: Class ChamaleonButton.ChameleonBtn of control image4 was not a loaded control class.
Line 7132: Class ChamaleonButton.ChameleonBtn of control image9 was not a loaded control class.
Line 7170: Class ChamaleonButton.ChameleonBtn of control cmd50 was not a loaded control class.
Line 7208: Class ChamaleonButton.ChameleonBtn of control cmd100 was not a loaded control class.
Line 7246: Class ChamaleonButton.ChameleonBtn of control cmd200 was not a loaded control class.
Line 7284: Class GorditoButton.Boton of control znumber was not a loaded control class.
Line 7481: Class ChamaleonButton.ChameleonBtn of control xopciones was not a loaded control class.
Line 7520: Class ChamaleonButton.ChameleonBtn of control xopciones was not a loaded control class.
